<html>
<head>
<title>TestNG:  myTest</title>
<link href="../testng.css" rel="stylesheet" type="text/css" />
<link href="../my-testng.css" rel="stylesheet" type="text/css" />

<style type="text/css">
.log { display: none;} 
.stack-trace { display: none;} 
</style>
<script type="text/javascript">
<!--
function flip(e) {
  current = e.style.display;
  if (current == 'block') {
    e.style.display = 'none';
    return 0;
  }
  else {
    e.style.display = 'block';
    return 1;
  }
}

function toggleBox(szDivId, elem, msg1, msg2)
{
  var res = -1;  if (document.getElementById) {
    res = flip(document.getElementById(szDivId));
  }
  else if (document.all) {
    // this is the way old msie versions work
    res = flip(document.all[szDivId]);
  }
  if(elem) {
    if(res == 0) elem.innerHTML = msg1; else elem.innerHTML = msg2;
  }

}

function toggleAllBoxes() {
  if (document.getElementsByTagName) {
    d = document.getElementsByTagName('div');
    for (i = 0; i < d.length; i++) {
      if (d[i].className == 'log') {
        flip(d[i]);
      }
    }
  }
}

// -->
</script>

</head>
<body>
<h2 align='center'>myTest</h2><table border='1' align="center">
<tr>
<td>Tests passed/Failed/Skipped:</td><td>15/1/0</td>
</tr><tr>
<td>Started on:</td><td>Sun Jul 14 22:36:19 IST 2019</td>
</tr>
<tr><td>Total time:</td><td>43 seconds (43395 ms)</td>
</tr><tr>
<td>Included groups:</td><td></td>
</tr><tr>
<td>Excluded groups:</td><td></td>
</tr>
</table><p/>
<small><i>(Hover the method name to see the test class name)</i></small><p/>
<table width='100%' border='1' class='invocation-failed'>
<tr><td colspan='4' align='center'><b>FAILED TESTS</b></td></tr>
<tr><td><b>Test method</b></td>
<td width="30%"><b>Exception</b></td>
<td width="10%"><b>Time (seconds)</b></td>
<td><b>Instance</b></td>
</tr>
<tr>
<td title='org.selenium.ng.GoogleTitleTest.check()'><b>check</b><br>Test class: org.selenium.ng.GoogleTitleTest</td>
<td><div><pre>java.lang.AssertionError: expected [Google] but found [YouTube]
	at org.selenium.ng.GoogleTitleTest.check(GoogleTitleTest.java:27)
... Removed 31 stack frames</pre></div><a href='#' onClick='toggleBox("stack-trace724608044", this, "Click to show all stack frames", "Click to hide stack frames")'>Click to show all stack frames</a>
<div class='stack-trace' id='stack-trace724608044'><pre>java.lang.AssertionError: expected [Google] but found [YouTube]
	at org.testng.Assert.fail(Assert.java:96)
	at org.testng.Assert.failNotEquals(Assert.java:776)
	at org.testng.Assert.assertEqualsImpl(Assert.java:137)
	at org.testng.Assert.assertEquals(Assert.java:118)
	at org.testng.Assert.assertEquals(Assert.java:453)
	at org.testng.Assert.assertEquals(Assert.java:463)
	at org.selenium.ng.GoogleTitleTest.check(GoogleTitleTest.java:27)
	at sun.reflect.NativeMethodAccessorImpl.invoke0(Native Method)
	at sun.reflect.NativeMethodAccessorImpl.invoke(NativeMethodAccessorImpl.java:62)
	at sun.reflect.DelegatingMethodAccessorImpl.invoke(DelegatingMethodAccessorImpl.java:43)
	at java.lang.reflect.Method.invoke(Method.java:498)
	at org.testng.internal.MethodInvocationHelper.invokeMethod(MethodInvocationHelper.java:124)
	at org.testng.internal.Invoker.invokeMethod(Invoker.java:583)
	at org.testng.internal.Invoker.invokeTestMethod(Invoker.java:719)
	at org.testng.internal.Invoker.invokeTestMethods(Invoker.java:989)
	at org.testng.internal.TestMethodWorker.invokeTestMethods(TestMethodWorker.java:125)
	at org.testng.internal.TestMethodWorker.run(TestMethodWorker.java:109)
	at org.testng.TestRunner.privateRun(TestRunner.java:648)
	at org.testng.TestRunner.run(TestRunner.java:505)
	at org.testng.SuiteRunner.runTest(SuiteRunner.java:455)
	at org.testng.SuiteRunner.runSequentially(SuiteRunner.java:450)
	at org.testng.SuiteRunner.privateRun(SuiteRunner.java:415)
	at org.testng.SuiteRunner.run(SuiteRunner.java:364)
	at org.testng.SuiteRunnerWorker.runSuite(SuiteRunnerWorker.java:52)
	at org.testng.SuiteRunnerWorker.run(SuiteRunnerWorker.java:84)
	at org.testng.TestNG.runSuitesSequentially(TestNG.java:1208)
	at org.testng.TestNG.runSuitesLocally(TestNG.java:1137)
	at org.testng.TestNG.runSuites(TestNG.java:1049)
	at org.testng.TestNG.run(TestNG.java:1017)
	at org.testng.remote.AbstractRemoteTestNG.run(AbstractRemoteTestNG.java:115)
	at org.testng.remote.RemoteTestNG.initAndRun(RemoteTestNG.java:251)
	at org.testng.remote.RemoteTestNG.main(RemoteTestNG.java:77)
</pre></div></td>
<td>0</td>
<td>org.selenium.ng.GoogleTitleTest@18be83e4</td></tr>
</table><p>
<table width='100%' border='1' class='invocation-passed'>
<tr><td colspan='4' align='center'><b>PASSED TESTS</b></td></tr>
<tr><td><b>Test method</b></td>
<td width="30%"><b>Exception</b></td>
<td width="10%"><b>Time (seconds)</b></td>
<td><b>Instance</b></td>
</tr>
<tr>
<td title='org.selenium.ng.Testngbasics.LoginTest()'><b>LoginTest</b><br>Test class: org.selenium.ng.Testngbasics</td>
<td><div><pre>java.lang.ArithmeticException: / by zero
	at org.selenium.ng.Testngbasics.LoginTest(Testngbasics.java:25)
... Removed 25 stack frames</pre></div><a href='#' onClick='toggleBox("stack-trace324169305", this, "Click to show all stack frames", "Click to hide stack frames")'>Click to show all stack frames</a>
<div class='stack-trace' id='stack-trace324169305'><pre>java.lang.ArithmeticException: / by zero
	at org.selenium.ng.Testngbasics.LoginTest(Testngbasics.java:25)
	at sun.reflect.NativeMethodAccessorImpl.invoke0(Native Method)
	at sun.reflect.NativeMethodAccessorImpl.invoke(NativeMethodAccessorImpl.java:62)
	at sun.reflect.DelegatingMethodAccessorImpl.invoke(DelegatingMethodAccessorImpl.java:43)
	at java.lang.reflect.Method.invoke(Method.java:498)
	at org.testng.internal.MethodInvocationHelper.invokeMethod(MethodInvocationHelper.java:124)
	at org.testng.internal.Invoker.invokeMethod(Invoker.java:583)
	at org.testng.internal.Invoker.invokeTestMethod(Invoker.java:719)
	at org.testng.internal.Invoker.invokeTestMethods(Invoker.java:989)
	at org.testng.internal.TestMethodWorker.invokeTestMethods(TestMethodWorker.java:125)
	at org.testng.internal.TestMethodWorker.run(TestMethodWorker.java:109)
	at org.testng.TestRunner.privateRun(TestRunner.java:648)
	at org.testng.TestRunner.run(TestRunner.java:505)
	at org.testng.SuiteRunner.runTest(SuiteRunner.java:455)
	at org.testng.SuiteRunner.runSequentially(SuiteRunner.java:450)
	at org.testng.SuiteRunner.privateRun(SuiteRunner.java:415)
	at org.testng.SuiteRunner.run(SuiteRunner.java:364)
	at org.testng.SuiteRunnerWorker.runSuite(SuiteRunnerWorker.java:52)
	at org.testng.SuiteRunnerWorker.run(SuiteRunnerWorker.java:84)
	at org.testng.TestNG.runSuitesSequentially(TestNG.java:1208)
	at org.testng.TestNG.runSuitesLocally(TestNG.java:1137)
	at org.testng.TestNG.runSuites(TestNG.java:1049)
	at org.testng.TestNG.run(TestNG.java:1017)
	at org.testng.remote.AbstractRemoteTestNG.run(AbstractRemoteTestNG.java:115)
	at org.testng.remote.RemoteTestNG.initAndRun(RemoteTestNG.java:251)
	at org.testng.remote.RemoteTestNG.main(RemoteTestNG.java:77)
</pre></div></td>
<td>0</td>
<td>org.selenium.ng.Testngbasics@4b9e13df</td></tr>
<tr>
<td title='org.selenium.ng.Testngbasics.LoginTest()'><b>LoginTest</b><br>Test class: org.selenium.ng.Testngbasics</td>
<td><div><pre>java.lang.ArithmeticException: / by zero
	at org.selenium.ng.Testngbasics.LoginTest(Testngbasics.java:25)
... Removed 25 stack frames</pre></div><a href='#' onClick='toggleBox("stack-trace196732636", this, "Click to show all stack frames", "Click to hide stack frames")'>Click to show all stack frames</a>
<div class='stack-trace' id='stack-trace196732636'><pre>java.lang.ArithmeticException: / by zero
	at org.selenium.ng.Testngbasics.LoginTest(Testngbasics.java:25)
	at sun.reflect.NativeMethodAccessorImpl.invoke0(Native Method)
	at sun.reflect.NativeMethodAccessorImpl.invoke(NativeMethodAccessorImpl.java:62)
	at sun.reflect.DelegatingMethodAccessorImpl.invoke(DelegatingMethodAccessorImpl.java:43)
	at java.lang.reflect.Method.invoke(Method.java:498)
	at org.testng.internal.MethodInvocationHelper.invokeMethod(MethodInvocationHelper.java:124)
	at org.testng.internal.Invoker.invokeMethod(Invoker.java:583)
	at org.testng.internal.Invoker.invokeTestMethod(Invoker.java:719)
	at org.testng.internal.Invoker.invokeTestMethods(Invoker.java:989)
	at org.testng.internal.TestMethodWorker.invokeTestMethods(TestMethodWorker.java:125)
	at org.testng.internal.TestMethodWorker.run(TestMethodWorker.java:109)
	at org.testng.TestRunner.privateRun(TestRunner.java:648)
	at org.testng.TestRunner.run(TestRunner.java:505)
	at org.testng.SuiteRunner.runTest(SuiteRunner.java:455)
	at org.testng.SuiteRunner.runSequentially(SuiteRunner.java:450)
	at org.testng.SuiteRunner.privateRun(SuiteRunner.java:415)
	at org.testng.SuiteRunner.run(SuiteRunner.java:364)
	at org.testng.SuiteRunnerWorker.runSuite(SuiteRunnerWorker.java:52)
	at org.testng.SuiteRunnerWorker.run(SuiteRunnerWorker.java:84)
	at org.testng.TestNG.runSuitesSequentially(TestNG.java:1208)
	at org.testng.TestNG.runSuitesLocally(TestNG.java:1137)
	at org.testng.TestNG.runSuites(TestNG.java:1049)
	at org.testng.TestNG.run(TestNG.java:1017)
	at org.testng.remote.AbstractRemoteTestNG.run(AbstractRemoteTestNG.java:115)
	at org.testng.remote.RemoteTestNG.initAndRun(RemoteTestNG.java:251)
	at org.testng.remote.RemoteTestNG.main(RemoteTestNG.java:77)
</pre></div></td>
<td>0</td>
<td>org.selenium.ng.Testngbasics@4b9e13df</td></tr>
<tr>
<td title='org.selenium.ng.Testngbasics.SearchTest()'><b>SearchTest</b><br>Test class: org.selenium.ng.Testngbasics</td>
<td></td>
<td>0</td>
<td>org.selenium.ng.Testngbasics@4b9e13df</td></tr>
<tr>
<td title='org.selenium.ng.ExceptionTimeOut.Test()'><b>Test</b><br>Test class: org.selenium.ng.ExceptionTimeOut</td>
<td><div><pre>java.lang.ArithmeticException: / by zero
	at org.selenium.ng.ExceptionTimeOut.Test(ExceptionTimeOut.java:11)
	at java.util.concurrent.Executors$RunnableAdapter.call(Executors.java:511)
	at java.util.concurrent.FutureTask.run(FutureTask.java:266)
	at java.util.concurrent.ThreadPoolExecutor.runWorker(ThreadPoolExecutor.java:1149)
	at java.util.concurrent.ThreadPoolExecutor$Worker.run(ThreadPoolExecutor.java:624)
	at java.lang.Thread.run(Thread.java:748)
... Removed 7 stack frames</pre></div><a href='#' onClick='toggleBox("stack-trace215145189", this, "Click to show all stack frames", "Click to hide stack frames")'>Click to show all stack frames</a>
<div class='stack-trace' id='stack-trace215145189'><pre>java.lang.ArithmeticException: / by zero
	at org.selenium.ng.ExceptionTimeOut.Test(ExceptionTimeOut.java:11)
	at sun.reflect.NativeMethodAccessorImpl.invoke0(Native Method)
	at sun.reflect.NativeMethodAccessorImpl.invoke(NativeMethodAccessorImpl.java:62)
	at sun.reflect.DelegatingMethodAccessorImpl.invoke(DelegatingMethodAccessorImpl.java:43)
	at java.lang.reflect.Method.invoke(Method.java:498)
	at org.testng.internal.MethodInvocationHelper.invokeMethod(MethodInvocationHelper.java:124)
	at org.testng.internal.InvokeMethodRunnable.runOne(InvokeMethodRunnable.java:54)
	at org.testng.internal.InvokeMethodRunnable.run(InvokeMethodRunnable.java:44)
	at java.util.concurrent.Executors$RunnableAdapter.call(Executors.java:511)
	at java.util.concurrent.FutureTask.run(FutureTask.java:266)
	at java.util.concurrent.ThreadPoolExecutor.runWorker(ThreadPoolExecutor.java:1149)
	at java.util.concurrent.ThreadPoolExecutor$Worker.run(ThreadPoolExecutor.java:624)
	at java.lang.Thread.run(Thread.java:748)
</pre></div></td>
<td>0</td>
<td>org.selenium.ng.ExceptionTimeOut@8bd1b6a</td></tr>
<tr>
<td title='org.selenium.ng.Testngbasics.Test1()'><b>Test1</b><br>Test class: org.selenium.ng.Testngbasics</td>
<td></td>
<td>0</td>
<td>org.selenium.ng.Testngbasics@4b9e13df</td></tr>
<tr>
<td title='org.selenium.ng.InvocationCount.TestCount()'><b>TestCount</b><br>Test class: org.selenium.ng.InvocationCount</td>
<td></td>
<td>0</td>
<td>org.selenium.ng.InvocationCount@cb5822</td></tr>
<tr>
<td title='org.selenium.ng.InvocationCount.TestCount()'><b>TestCount</b><br>Test class: org.selenium.ng.InvocationCount</td>
<td></td>
<td>0</td>
<td>org.selenium.ng.InvocationCount@cb5822</td></tr>
<tr>
<td title='org.selenium.ng.InvocationCount.TestCount()'><b>TestCount</b><br>Test class: org.selenium.ng.InvocationCount</td>
<td></td>
<td>0</td>
<td>org.selenium.ng.InvocationCount@cb5822</td></tr>
<tr>
<td title='org.selenium.ng.InvocationCount.TestCount()'><b>TestCount</b><br>Test class: org.selenium.ng.InvocationCount</td>
<td></td>
<td>0</td>
<td>org.selenium.ng.InvocationCount@cb5822</td></tr>
<tr>
<td title='org.selenium.ng.InvocationCount.TestCount()'><b>TestCount</b><br>Test class: org.selenium.ng.InvocationCount</td>
<td></td>
<td>0</td>
<td>org.selenium.ng.InvocationCount@cb5822</td></tr>
<tr>
<td title='org.selenium.ng.InvocationCount.TestCount()'><b>TestCount</b><br>Test class: org.selenium.ng.InvocationCount</td>
<td></td>
<td>0</td>
<td>org.selenium.ng.InvocationCount@cb5822</td></tr>
<tr>
<td title='org.selenium.ng.InvocationCount.TestCount()'><b>TestCount</b><br>Test class: org.selenium.ng.InvocationCount</td>
<td></td>
<td>0</td>
<td>org.selenium.ng.InvocationCount@cb5822</td></tr>
<tr>
<td title='org.selenium.ng.InvocationCount.TestCount()'><b>TestCount</b><br>Test class: org.selenium.ng.InvocationCount</td>
<td></td>
<td>0</td>
<td>org.selenium.ng.InvocationCount@cb5822</td></tr>
<tr>
<td title='org.selenium.ng.InvocationCount.TestCount()'><b>TestCount</b><br>Test class: org.selenium.ng.InvocationCount</td>
<td></td>
<td>0</td>
<td>org.selenium.ng.InvocationCount@cb5822</td></tr>
<tr>
<td title='org.selenium.ng.InvocationCount.TestCount()'><b>TestCount</b><br>Test class: org.selenium.ng.InvocationCount</td>
<td></td>
<td>0</td>
<td>org.selenium.ng.InvocationCount@cb5822</td></tr>
</table><p>
</body>
</html>